{"total": {"lines":{"total":480,"covered":181,"skipped":0,"pct":37.7},"statements":{"total":480,"covered":181,"skipped":0,"pct":37.7},"functions":{"total":36,"covered":18,"skipped":0,"pct":50},"branches":{"total":41,"covered":25,"skipped":0,"pct":60.97},"branchesTrue":{"total":0,"covered":0,"skipped":0,"pct":100}}
,"/Users/dianakhnizova/Documents/Development/RSSchool/React/rs-react/src/App.tsx": {"lines":{"total":14,"covered":0,"skipped":0,"pct":0},"functions":{"total":1,"covered":0,"skipped":0,"pct":0},"statements":{"total":14,"covered":0,"skipped":0,"pct":0},"branches":{"total":1,"covered":0,"skipped":0,"pct":0}}
,"/Users/dianakhnizova/Documents/Development/RSSchool/React/rs-react/src/main.tsx": {"lines":{"total":12,"covered":0,"skipped":0,"pct":0},"functions":{"total":1,"covered":0,"skipped":0,"pct":0},"statements":{"total":12,"covered":0,"skipped":0,"pct":0},"branches":{"total":1,"covered":0,"skipped":0,"pct":0}}
,"/Users/dianakhnizova/Documents/Development/RSSchool/React/rs-react/src/api/axios.ts": {"lines":{"total":8,"covered":8,"skipped":0,"pct":100},"functions":{"total":0,"covered":0,"skipped":0,"pct":100},"statements":{"total":8,"covered":8,"skipped":0,"pct":100},"branches":{"total":0,"covered":0,"skipped":0,"pct":100}}
,"/Users/dianakhnizova/Documents/Development/RSSchool/React/rs-react/src/api/fetchBooksData.ts": {"lines":{"total":14,"covered":4,"skipped":0,"pct":28.57},"functions":{"total":1,"covered":0,"skipped":0,"pct":0},"statements":{"total":14,"covered":4,"skipped":0,"pct":28.57},"branches":{"total":0,"covered":0,"skipped":0,"pct":100}}
,"/Users/dianakhnizova/Documents/Development/RSSchool/React/rs-react/src/api/services/booksService.ts": {"lines":{"total":47,"covered":8,"skipped":0,"pct":17.02},"functions":{"total":1,"covered":0,"skipped":0,"pct":0},"statements":{"total":47,"covered":8,"skipped":0,"pct":17.02},"branches":{"total":0,"covered":0,"skipped":0,"pct":100}}
,"/Users/dianakhnizova/Documents/Development/RSSchool/React/rs-react/src/components/button/Button.tsx": {"lines":{"total":10,"covered":10,"skipped":0,"pct":100},"functions":{"total":1,"covered":1,"skipped":0,"pct":100},"statements":{"total":10,"covered":10,"skipped":0,"pct":100},"branches":{"total":1,"covered":1,"skipped":0,"pct":100}}
,"/Users/dianakhnizova/Documents/Development/RSSchool/React/rs-react/src/components/error-boundary/ErrorBoundary.tsx": {"lines":{"total":34,"covered":0,"skipped":0,"pct":0},"functions":{"total":1,"covered":1,"skipped":0,"pct":100},"statements":{"total":34,"covered":0,"skipped":0,"pct":0},"branches":{"total":1,"covered":1,"skipped":0,"pct":100}}
,"/Users/dianakhnizova/Documents/Development/RSSchool/React/rs-react/src/components/error-boundary/messages.ts": {"lines":{"total":5,"covered":0,"skipped":0,"pct":0},"functions":{"total":1,"covered":0,"skipped":0,"pct":0},"statements":{"total":5,"covered":0,"skipped":0,"pct":0},"branches":{"total":1,"covered":0,"skipped":0,"pct":0}}
,"/Users/dianakhnizova/Documents/Development/RSSchool/React/rs-react/src/components/footer/Footer.tsx": {"lines":{"total":11,"covered":0,"skipped":0,"pct":0},"functions":{"total":1,"covered":0,"skipped":0,"pct":0},"statements":{"total":11,"covered":0,"skipped":0,"pct":0},"branches":{"total":1,"covered":0,"skipped":0,"pct":0}}
,"/Users/dianakhnizova/Documents/Development/RSSchool/React/rs-react/src/components/footer/messages.ts": {"lines":{"total":3,"covered":0,"skipped":0,"pct":0},"functions":{"total":1,"covered":0,"skipped":0,"pct":0},"statements":{"total":3,"covered":0,"skipped":0,"pct":0},"branches":{"total":1,"covered":0,"skipped":0,"pct":0}}
,"/Users/dianakhnizova/Documents/Development/RSSchool/React/rs-react/src/components/header/Header.tsx": {"lines":{"total":11,"covered":0,"skipped":0,"pct":0},"functions":{"total":1,"covered":0,"skipped":0,"pct":0},"statements":{"total":11,"covered":0,"skipped":0,"pct":0},"branches":{"total":1,"covered":0,"skipped":0,"pct":0}}
,"/Users/dianakhnizova/Documents/Development/RSSchool/React/rs-react/src/components/header/messages.ts": {"lines":{"total":3,"covered":0,"skipped":0,"pct":0},"functions":{"total":1,"covered":0,"skipped":0,"pct":0},"statements":{"total":3,"covered":0,"skipped":0,"pct":0},"branches":{"total":1,"covered":0,"skipped":0,"pct":0}}
,"/Users/dianakhnizova/Documents/Development/RSSchool/React/rs-react/src/components/main/Main.tsx": {"lines":{"total":66,"covered":0,"skipped":0,"pct":0},"functions":{"total":1,"covered":0,"skipped":0,"pct":0},"statements":{"total":66,"covered":0,"skipped":0,"pct":0},"branches":{"total":1,"covered":0,"skipped":0,"pct":0}}
,"/Users/dianakhnizova/Documents/Development/RSSchool/React/rs-react/src/components/main/messages.ts": {"lines":{"total":3,"covered":0,"skipped":0,"pct":0},"functions":{"total":1,"covered":0,"skipped":0,"pct":0},"statements":{"total":3,"covered":0,"skipped":0,"pct":0},"branches":{"total":1,"covered":0,"skipped":0,"pct":0}}
,"/Users/dianakhnizova/Documents/Development/RSSchool/React/rs-react/src/components/main/components/products-section/ProductsSection.tsx": {"lines":{"total":14,"covered":0,"skipped":0,"pct":0},"functions":{"total":1,"covered":0,"skipped":0,"pct":0},"statements":{"total":14,"covered":0,"skipped":0,"pct":0},"branches":{"total":1,"covered":0,"skipped":0,"pct":0}}
,"/Users/dianakhnizova/Documents/Development/RSSchool/React/rs-react/src/components/main/components/products-section/components/books-cards/BookCard.tsx": {"lines":{"total":27,"covered":27,"skipped":0,"pct":100},"functions":{"total":1,"covered":1,"skipped":0,"pct":100},"statements":{"total":27,"covered":27,"skipped":0,"pct":100},"branches":{"total":3,"covered":3,"skipped":0,"pct":100}}
,"/Users/dianakhnizova/Documents/Development/RSSchool/React/rs-react/src/components/main/components/products-section/components/books-cards/messages.ts": {"lines":{"total":3,"covered":3,"skipped":0,"pct":100},"functions":{"total":0,"covered":0,"skipped":0,"pct":100},"statements":{"total":3,"covered":3,"skipped":0,"pct":100},"branches":{"total":0,"covered":0,"skipped":0,"pct":100}}
,"/Users/dianakhnizova/Documents/Development/RSSchool/React/rs-react/src/components/main/components/products-section/components/books-list/BooksList.tsx": {"lines":{"total":49,"covered":44,"skipped":0,"pct":89.79},"functions":{"total":5,"covered":5,"skipped":0,"pct":100},"statements":{"total":49,"covered":44,"skipped":0,"pct":89.79},"branches":{"total":10,"covered":8,"skipped":0,"pct":80}}
,"/Users/dianakhnizova/Documents/Development/RSSchool/React/rs-react/src/components/main/components/products-section/components/books-list/messages.ts": {"lines":{"total":3,"covered":0,"skipped":0,"pct":0},"functions":{"total":1,"covered":0,"skipped":0,"pct":0},"statements":{"total":3,"covered":0,"skipped":0,"pct":0},"branches":{"total":1,"covered":0,"skipped":0,"pct":0}}
,"/Users/dianakhnizova/Documents/Development/RSSchool/React/rs-react/src/components/main/components/products-section/components/products-header/ProductsHeader.tsx": {"lines":{"total":13,"covered":0,"skipped":0,"pct":0},"functions":{"total":1,"covered":0,"skipped":0,"pct":0},"statements":{"total":13,"covered":0,"skipped":0,"pct":0},"branches":{"total":1,"covered":0,"skipped":0,"pct":0}}
,"/Users/dianakhnizova/Documents/Development/RSSchool/React/rs-react/src/components/main/components/products-section/components/products-header/messages.ts": {"lines":{"total":5,"covered":0,"skipped":0,"pct":0},"functions":{"total":1,"covered":0,"skipped":0,"pct":0},"statements":{"total":5,"covered":0,"skipped":0,"pct":0},"branches":{"total":1,"covered":0,"skipped":0,"pct":0}}
,"/Users/dianakhnizova/Documents/Development/RSSchool/React/rs-react/src/components/main/components/search-section/SearchSection.tsx": {"lines":{"total":34,"covered":34,"skipped":0,"pct":100},"functions":{"total":5,"covered":5,"skipped":0,"pct":100},"statements":{"total":34,"covered":34,"skipped":0,"pct":100},"branches":{"total":6,"covered":6,"skipped":0,"pct":100}}
,"/Users/dianakhnizova/Documents/Development/RSSchool/React/rs-react/src/components/main/components/search-section/messages.ts": {"lines":{"total":4,"covered":4,"skipped":0,"pct":100},"functions":{"total":0,"covered":0,"skipped":0,"pct":100},"statements":{"total":4,"covered":4,"skipped":0,"pct":100},"branches":{"total":0,"covered":0,"skipped":0,"pct":100}}
,"/Users/dianakhnizova/Documents/Development/RSSchool/React/rs-react/src/components/popup/Popup.tsx": {"lines":{"total":20,"covered":0,"skipped":0,"pct":0},"functions":{"total":1,"covered":1,"skipped":0,"pct":100},"statements":{"total":20,"covered":0,"skipped":0,"pct":0},"branches":{"total":1,"covered":1,"skipped":0,"pct":100}}
,"/Users/dianakhnizova/Documents/Development/RSSchool/React/rs-react/src/components/popup/messages.ts": {"lines":{"total":3,"covered":0,"skipped":0,"pct":0},"functions":{"total":1,"covered":0,"skipped":0,"pct":0},"statements":{"total":3,"covered":0,"skipped":0,"pct":0},"branches":{"total":1,"covered":0,"skipped":0,"pct":0}}
,"/Users/dianakhnizova/Documents/Development/RSSchool/React/rs-react/src/components/spinner/Spinner.tsx": {"lines":{"total":25,"covered":25,"skipped":0,"pct":100},"functions":{"total":2,"covered":2,"skipped":0,"pct":100},"statements":{"total":25,"covered":25,"skipped":0,"pct":100},"branches":{"total":3,"covered":3,"skipped":0,"pct":100}}
,"/Users/dianakhnizova/Documents/Development/RSSchool/React/rs-react/src/components/spinner/messages.ts": {"lines":{"total":4,"covered":4,"skipped":0,"pct":100},"functions":{"total":0,"covered":0,"skipped":0,"pct":100},"statements":{"total":4,"covered":4,"skipped":0,"pct":100},"branches":{"total":0,"covered":0,"skipped":0,"pct":100}}
,"/Users/dianakhnizova/Documents/Development/RSSchool/React/rs-react/src/sources/constants.ts": {"lines":{"total":2,"covered":2,"skipped":0,"pct":100},"functions":{"total":0,"covered":0,"skipped":0,"pct":100},"statements":{"total":2,"covered":2,"skipped":0,"pct":100},"branches":{"total":0,"covered":0,"skipped":0,"pct":100}}
,"/Users/dianakhnizova/Documents/Development/RSSchool/React/rs-react/src/sources/interfaces.ts": {"lines":{"total":0,"covered":0,"skipped":0,"pct":0},"functions":{"total":1,"covered":1,"skipped":0,"pct":0},"statements":{"total":0,"covered":0,"skipped":0,"pct":0},"branches":{"total":1,"covered":1,"skipped":0,"pct":0}}
,"/Users/dianakhnizova/Documents/Development/RSSchool/React/rs-react/src/sources/messages.ts": {"lines":{"total":5,"covered":5,"skipped":0,"pct":100},"functions":{"total":0,"covered":0,"skipped":0,"pct":100},"statements":{"total":5,"covered":5,"skipped":0,"pct":100},"branches":{"total":0,"covered":0,"skipped":0,"pct":100}}
,"/Users/dianakhnizova/Documents/Development/RSSchool/React/rs-react/src/sources/types.ts": {"lines":{"total":0,"covered":0,"skipped":0,"pct":0},"functions":{"total":1,"covered":1,"skipped":0,"pct":0},"statements":{"total":0,"covered":0,"skipped":0,"pct":0},"branches":{"total":1,"covered":1,"skipped":0,"pct":0}}
,"/Users/dianakhnizova/Documents/Development/RSSchool/React/rs-react/src/utils/isApiErrorResponse.ts": {"lines":{"total":12,"covered":1,"skipped":0,"pct":8.33},"functions":{"total":1,"covered":0,"skipped":0,"pct":0},"statements":{"total":12,"covered":1,"skipped":0,"pct":8.33},"branches":{"total":0,"covered":0,"skipped":0,"pct":100}}
,"/Users/dianakhnizova/Documents/Development/RSSchool/React/rs-react/src/utils/prepareBooksList.ts": {"lines":{"total":16,"covered":2,"skipped":0,"pct":12.5},"functions":{"total":1,"covered":0,"skipped":0,"pct":0},"statements":{"total":16,"covered":2,"skipped":0,"pct":12.5},"branches":{"total":0,"covered":0,"skipped":0,"pct":100}}
}
