TN:
SF:src/App.tsx
FN:5,App
FNF:1
FNH:1
FNDA:1,App
DA:6,1
LF:1
LH:1
BRF:0
BRH:0
end_of_record
TN:
SF:src/components/button/Button.tsx
FN:9,(anonymous_0)
FNF:1
FNH:1
FNDA:35,(anonymous_0)
DA:9,5
DA:14,35
LF:2
LH:2
BRDA:10,0,0,35
BRF:1
BRH:1
end_of_record
TN:
SF:src/components/controlled-form/ControlledForm.tsx
FN:20,(anonymous_0)
FN:30,(anonymous_1)
FN:46,(anonymous_2)
FN:54,(anonymous_3)
FNF:4
FNH:3
FNDA:2,(anonymous_0)
FNDA:0,(anonymous_1)
FNDA:1,(anonymous_2)
FNDA:8,(anonymous_3)
DA:20,1
DA:22,2
DA:27,2
DA:28,2
DA:30,2
DA:31,0
DA:33,0
DA:38,0
DA:40,0
DA:43,2
DA:44,2
DA:46,2
DA:47,1
DA:48,0
DA:52,2
DA:55,8
LF:16
LH:11
BRDA:40,0,0,0
BRDA:40,0,1,0
BRDA:44,1,0,2
BRDA:44,1,1,2
BRDA:47,2,0,0
BRDA:47,2,1,1
BRDA:60,3,0,0
BRDA:60,3,1,8
BRDA:60,4,0,8
BRDA:60,4,1,2
BRDA:63,5,0,8
BRDA:63,5,1,0
BRDA:66,6,0,8
BRDA:66,6,1,0
BRF:14
BRH:8
end_of_record
TN:
SF:src/components/form/Form.tsx
FN:13,(anonymous_0)
FNF:1
FNH:1
FNDA:12,(anonymous_0)
DA:13,3
DA:14,12
LF:2
LH:2
BRF:0
BRH:0
end_of_record
TN:
SF:src/components/input-form/InputForm.tsx
FN:26,(anonymous_0)
FNF:1
FNH:1
FNDA:5,(anonymous_0)
DA:25,1
DA:44,5
DA:46,5
DA:74,1
LF:4
LH:4
BRDA:31,0,0,4
BRDA:46,1,0,0
BRDA:46,1,1,5
BRDA:61,2,0,2
BRDA:61,2,1,3
BRDA:67,3,0,2
BRDA:67,3,1,3
BRF:7
BRH:6
end_of_record
TN:
SF:src/components/input-form/components/gender-input/GenderInput.tsx
FN:18,(anonymous_0)
FNF:1
FNH:1
FNDA:2,(anonymous_0)
DA:18,2
DA:28,2
LF:2
LH:2
BRDA:42,0,0,0
BRDA:42,0,1,2
BRDA:43,1,0,0
BRDA:43,1,1,2
BRDA:57,2,0,0
BRDA:57,2,1,2
BRDA:58,3,0,0
BRDA:58,3,1,2
BRDA:63,4,0,2
BRDA:63,4,1,1
BRF:10
BRH:6
end_of_record
TN:
SF:src/components/input-form/components/input/Input.tsx
FN:20,(anonymous_0)
FN:59,(anonymous_1)
FNF:2
FNH:2
FNDA:8,(anonymous_0)
FNDA:3,(anonymous_1)
DA:19,2
DA:34,8
DA:40,8
DA:60,3
DA:81,2
LF:5
LH:5
BRDA:47,0,0,2
BRDA:47,0,1,6
BRDA:49,1,0,0
BRDA:49,1,1,8
BRDA:57,2,0,8
BRDA:57,2,1,2
BRDA:57,2,2,1
BRDA:68,3,0,8
BRDA:68,3,1,7
BRDA:68,3,2,1
BRF:10
BRH:9
end_of_record
TN:
SF:src/components/input-form/components/input/components/info-bar/InfoBar.tsx
FN:13,(anonymous_0)
FNF:1
FNH:1
FNDA:7,(anonymous_0)
DA:13,3
DA:18,7
LF:2
LH:2
BRDA:21,0,0,7
BRDA:21,0,1,2
BRDA:21,0,2,1
BRDA:27,1,0,1
BRDA:27,1,1,0
BRF:5
BRH:4
end_of_record
TN:
SF:src/components/modal/Modal.tsx
FN:17,(anonymous_0)
FN:27,(anonymous_1)
FN:29,(anonymous_2)
FN:35,(anonymous_3)
FN:51,(anonymous_4)
FNF:5
FNH:5
FNDA:23,(anonymous_0)
FNDA:1,(anonymous_1)
FNDA:19,(anonymous_2)
FNDA:9,(anonymous_3)
FNDA:19,(anonymous_4)
DA:17,2
DA:24,23
DA:25,23
DA:27,23
DA:29,23
DA:30,19
DA:31,9
DA:33,9
DA:35,9
DA:36,9
DA:39,9
DA:40,1
DA:42,8
DA:44,8
DA:48,10
DA:51,19
DA:52,19
DA:56,23
DA:58,9
LF:19
LH:19
BRDA:30,0,0,9
BRDA:30,0,1,10
BRDA:39,1,0,1
BRDA:39,1,1,8
BRDA:56,2,0,14
BRDA:56,2,1,9
BRDA:69,3,0,1
BRDA:69,3,1,8
BRDA:71,4,0,9
BRDA:71,4,1,9
BRF:10
BRH:10
end_of_record
TN:
SF:src/components/react-portal/ReactPortal.tsx
FN:12,(anonymous_0)
FN:20,(anonymous_1)
FNF:2
FNH:2
FNDA:26,(anonymous_0)
FNDA:13,(anonymous_1)
DA:12,3
DA:16,26
DA:20,26
DA:21,13
DA:23,13
DA:24,4
DA:27,13
DA:30,26
DA:32,13
LF:9
LH:9
BRDA:14,0,0,24
BRDA:23,1,0,4
BRDA:23,1,1,9
BRDA:30,2,0,13
BRDA:30,2,1,13
BRF:5
BRH:5
end_of_record
TN:
SF:src/components/uncontrolled-form/UncontrolledForm.tsx
FN:16,(anonymous_0)
FN:22,(anonymous_1)
FN:40,(anonymous_2)
FN:53,(anonymous_3)
FNF:4
FNH:4
FNDA:6,(anonymous_0)
FNDA:1,(anonymous_1)
FNDA:1,(anonymous_2)
FNDA:18,(anonymous_3)
DA:16,1
DA:17,6
DA:18,6
DA:20,6
DA:22,6
DA:23,1
DA:25,1
DA:27,1
DA:28,1
DA:30,0
DA:32,0
DA:33,0
DA:35,0
DA:37,1
DA:38,1
DA:40,1
DA:41,1
DA:43,1
DA:46,1
DA:51,6
DA:54,18
LF:21
LH:17
BRDA:35,0,0,0
BRDA:35,0,1,0
BRDA:37,1,0,1
BRDA:37,1,1,0
BRF:4
BRH:1
end_of_record
TN:
SF:src/components/user-data/UserData.tsx
FN:7,(anonymous_0)
FN:12,(anonymous_1)
FN:17,(anonymous_2)
FN:18,(anonymous_3)
FN:26,(anonymous_4)
FN:33,(anonymous_5)
FNF:6
FNH:5
FNDA:8,(anonymous_0)
FNDA:4,(anonymous_1)
FNDA:0,(anonymous_2)
FNDA:4,(anonymous_3)
FNDA:8,(anonymous_4)
FNDA:10,(anonymous_5)
DA:7,2
DA:8,8
DA:9,8
DA:10,8
DA:12,8
DA:13,4
DA:14,4
DA:15,4
DA:17,4
DA:18,4
DA:21,0
DA:24,8
DA:27,8
DA:34,10
LF:14
LH:13
BRDA:13,0,0,4
BRDA:13,0,1,0
BRDA:36,1,0,4
BRDA:36,1,1,6
BRDA:36,2,0,10
BRDA:36,2,1,4
BRF:6
BRH:5
end_of_record
TN:
SF:src/components/user-list/UserList.tsx
FN:5,(anonymous_0)
FNF:1
FNH:1
FNDA:2,(anonymous_0)
DA:5,1
DA:6,2
LF:2
LH:2
BRF:0
BRH:0
end_of_record
TN:
SF:src/pages/HomePage.tsx
FN:10,(anonymous_0)
FN:15,(anonymous_1)
FN:19,(anonymous_2)
FN:23,(anonymous_3)
FN:27,(anonymous_4)
FN:31,(anonymous_5)
FNF:6
FNH:4
FNDA:7,(anonymous_0)
FNDA:1,(anonymous_1)
FNDA:0,(anonymous_2)
FNDA:1,(anonymous_3)
FNDA:0,(anonymous_4)
FNDA:2,(anonymous_5)
DA:10,1
DA:11,7
DA:12,7
DA:13,7
DA:15,7
DA:16,1
DA:19,7
DA:20,0
DA:23,7
DA:24,1
DA:27,7
DA:28,0
DA:31,7
DA:32,2
DA:33,2
DA:34,2
DA:37,7
LF:17
LH:15
BRDA:65,0,0,7
BRDA:65,0,1,2
BRF:2
BRH:2
end_of_record
TN:
SF:src/schemas/schemas.ts
FN:15,(anonymous_0)
FN:21,(anonymous_1)
FN:24,(anonymous_2)
FN:25,(anonymous_3)
FN:38,(anonymous_4)
FN:41,(anonymous_5)
FN:44,(anonymous_6)
FN:47,(anonymous_7)
FN:60,(anonymous_8)
FN:62,(anonymous_9)
FN:72,(anonymous_10)
FN:76,(anonymous_11)
FN:83,(anonymous_12)
FNF:13
FNH:13
FNDA:4,(anonymous_0)
FNDA:6,(anonymous_1)
FNDA:6,(anonymous_2)
FNDA:6,(anonymous_3)
FNDA:6,(anonymous_4)
FNDA:6,(anonymous_5)
FNDA:6,(anonymous_6)
FNDA:6,(anonymous_7)
FNDA:3,(anonymous_8)
FNDA:3,(anonymous_9)
FNDA:2,(anonymous_10)
FNDA:2,(anonymous_11)
FNDA:2,(anonymous_12)
DA:11,3
DA:15,4
DA:18,3
DA:21,6
DA:24,6
DA:25,6
DA:29,3
DA:34,3
DA:38,6
DA:41,6
DA:44,6
DA:47,6
DA:51,3
DA:56,3
DA:60,3
DA:62,3
DA:66,3
DA:70,3
DA:72,2
DA:77,2
DA:83,2
LF:21
LH:21
BRDA:77,0,0,2
BRDA:77,0,1,2
BRDA:77,0,2,1
BRDA:83,1,0,2
BRDA:83,1,1,2
BRF:5
BRH:5
end_of_record
TN:
SF:src/schemas/userSchema.ts
FN:28,(anonymous_0)
FNF:1
FNH:0
FNDA:0,(anonymous_0)
DA:16,2
DA:28,0
LF:2
LH:1
BRF:0
BRH:0
end_of_record
TN:
SF:src/sources/constants.ts
FNF:0
FNH:0
DA:1,6
DA:2,6
DA:3,6
DA:4,6
DA:10,6
LF:5
LH:5
BRF:0
BRH:0
end_of_record
TN:
SF:src/sources/enums.ts
FN:1,(anonymous_0)
FN:6,(anonymous_1)
FN:16,(anonymous_2)
FN:20,(anonymous_3)
FN:29,(anonymous_4)
FN:33,(anonymous_5)
FN:38,(anonymous_6)
FN:43,(anonymous_7)
FNF:8
FNH:8
FNDA:12,(anonymous_0)
FNDA:12,(anonymous_1)
FNDA:12,(anonymous_2)
FNDA:12,(anonymous_3)
FNDA:12,(anonymous_4)
FNDA:12,(anonymous_5)
FNDA:12,(anonymous_6)
FNDA:12,(anonymous_7)
DA:1,12
DA:2,12
DA:3,12
DA:6,12
DA:7,12
DA:8,12
DA:9,12
DA:10,12
DA:11,12
DA:12,12
DA:13,12
DA:16,12
DA:17,12
DA:20,12
DA:21,12
DA:22,12
DA:23,12
DA:24,12
DA:25,12
DA:26,12
DA:29,12
DA:30,12
DA:33,12
DA:34,12
DA:35,12
DA:38,12
DA:39,12
DA:40,12
DA:43,12
DA:44,12
DA:45,12
DA:46,12
LF:32
LH:32
BRDA:1,0,0,12
BRDA:1,0,1,12
BRDA:6,1,0,12
BRDA:6,1,1,12
BRDA:16,2,0,12
BRDA:16,2,1,12
BRDA:20,3,0,12
BRDA:20,3,1,12
BRDA:29,4,0,12
BRDA:29,4,1,12
BRDA:33,5,0,12
BRDA:33,5,1,12
BRDA:38,6,0,12
BRDA:38,6,1,12
BRDA:43,7,0,12
BRDA:43,7,1,12
BRF:16
BRH:16
end_of_record
TN:
SF:src/sources/messages.ts
FNF:0
FNH:0
DA:1,12
LF:1
LH:1
BRF:0
BRH:0
end_of_record
TN:
SF:src/store/store.ts
FNF:0
FNH:0
DA:5,4
LF:1
LH:1
BRF:0
BRH:0
end_of_record
TN:
SF:src/store/slices/country/country.slice.ts
FNF:0
FNH:0
DA:8,5
DA:63,5
DA:69,5
DA:70,5
LF:4
LH:4
BRF:0
BRH:0
end_of_record
TN:
SF:src/store/slices/country/selectors.ts
FN:3,(anonymous_0)
FNF:1
FNH:1
FNDA:1,(anonymous_0)
DA:3,2
LF:1
LH:1
BRF:0
BRH:0
end_of_record
TN:
SF:src/store/slices/user/selectors.ts
FN:3,(anonymous_0)
FNF:1
FNH:1
FNDA:1,(anonymous_0)
DA:3,2
LF:1
LH:1
BRF:0
BRH:0
end_of_record
TN:
SF:src/store/slices/user/user.slice.ts
FN:17,(anonymous_0)
FN:20,(anonymous_1)
FNF:2
FNH:2
FNDA:2,(anonymous_0)
FNDA:2,(anonymous_1)
DA:9,5
DA:13,5
DA:18,2
DA:21,2
DA:26,5
DA:27,5
LF:6
LH:6
BRF:0
BRH:0
end_of_record
TN:
SF:src/utils/createWrapperPortal.ts
FN:1,(anonymous_0)
FNF:1
FNH:1
FNDA:4,(anonymous_0)
DA:1,3
DA:2,4
DA:3,4
DA:4,4
DA:6,4
LF:5
LH:5
BRF:0
BRH:0
end_of_record
TN:
SF:src/utils/fileToBase64.ts
FN:1,(anonymous_0)
FN:2,(anonymous_1)
FN:5,(anonymous_2)
FN:10,(anonymous_3)
FNF:4
FNH:3
FNDA:1,(anonymous_0)
FNDA:1,(anonymous_1)
FNDA:1,(anonymous_2)
FNDA:0,(anonymous_3)
DA:1,2
DA:2,1
DA:3,1
DA:5,1
DA:6,1
DA:7,0
DA:10,1
DA:11,0
DA:13,1
LF:9
LH:7
BRDA:6,0,0,1
BRDA:6,0,1,0
BRDA:11,1,0,0
BRDA:11,1,1,0
BRF:4
BRH:1
end_of_record
TN:
SF:src/utils/getPasswordStrength.ts
FN:3,getPasswordStrength
FNF:1
FNH:1
FNDA:8,getPasswordStrength
DA:4,8
DA:6,8
DA:7,8
DA:8,8
DA:9,8
DA:10,8
DA:12,8
DA:13,4
DA:14,2
LF:9
LH:9
BRDA:6,0,0,4
BRDA:6,0,1,4
BRDA:7,1,0,4
BRDA:7,1,1,4
BRDA:8,2,0,5
BRDA:8,2,1,3
BRDA:9,3,0,5
BRDA:9,3,1,3
BRDA:10,4,0,2
BRDA:10,4,1,6
BRDA:12,5,0,4
BRDA:12,5,1,4
BRDA:13,6,0,2
BRDA:13,6,1,2
BRDA:13,7,0,4
BRDA:13,7,1,4
BRF:16
BRH:16
end_of_record
TN:
SF:src/utils/getUserData.ts
FN:3,(anonymous_0)
FNF:1
FNH:1
FNDA:3,(anonymous_0)
DA:3,2
DA:4,3
DA:6,3
LF:3
LH:3
BRDA:7,0,0,3
BRDA:7,0,1,1
BRDA:8,1,0,3
BRDA:8,1,1,1
BRDA:9,2,0,3
BRDA:9,2,1,1
BRDA:10,3,0,3
BRDA:10,3,1,1
BRDA:11,4,0,3
BRDA:11,4,1,1
BRDA:12,5,0,2
BRDA:12,5,1,1
BRDA:14,6,0,0
BRDA:14,6,1,1
BRDA:17,7,0,3
BRDA:17,7,1,1
BRDA:18,8,0,3
BRDA:18,8,1,1
BRF:18
BRH:17
end_of_record
TN:
SF:src/utils/hooks/useActions.ts
FN:11,(anonymous_0)
FNF:1
FNH:1
FNDA:2,(anonymous_0)
DA:6,1
DA:11,1
DA:12,2
DA:14,2
LF:4
LH:4
BRF:0
BRH:0
end_of_record
TN:
SF:src/utils/hooks/useEscapeKey.ts
FN:3,(anonymous_0)
FN:4,(anonymous_1)
FN:7,(anonymous_2)
FN:14,(anonymous_3)
FNF:4
FNH:4
FNDA:23,(anonymous_0)
FNDA:23,(anonymous_1)
FNDA:1,(anonymous_2)
FNDA:9,(anonymous_3)
DA:3,2
DA:4,23
DA:5,23
DA:7,9
DA:8,1
DA:9,1
DA:13,9
DA:14,9
LF:8
LH:8
BRDA:3,0,0,0
BRDA:5,1,0,14
BRDA:5,1,1,9
BRDA:8,2,0,1
BRDA:8,2,1,0
BRF:5
BRH:3
end_of_record
TN:
SF:src/utils/hooks/useFormRefs.ts
FN:3,useFormRefs
FNF:1
FNH:1
FNDA:2,useFormRefs
DA:4,2
DA:5,2
DA:6,2
DA:7,2
DA:8,2
DA:9,2
DA:10,2
DA:11,2
DA:12,2
DA:13,2
DA:15,2
LF:11
LH:11
BRF:0
BRH:0
end_of_record
TN:
SF:src/utils/hooks/useInputFields.ts
FN:9,(anonymous_0)
FNF:1
FNH:1
FNDA:2,(anonymous_0)
DA:9,1
DA:10,2
DA:11,2
DA:13,2
DA:96,2
LF:5
LH:5
BRF:0
BRH:0
end_of_record
TN:
SF:src/utils/hooks/useUserDataFields.ts
FN:5,(anonymous_0)
FN:10,(anonymous_1)
FNF:2
FNH:2
FNDA:3,(anonymous_0)
FNDA:2,(anonymous_1)
DA:5,1
DA:6,3
DA:8,3
DA:10,2
LF:4
LH:4
BRDA:8,0,0,1
BRDA:8,0,1,2
BRDA:8,1,0,3
BRDA:8,1,1,3
BRDA:18,2,0,2
BRDA:18,2,1,1
BRDA:19,3,0,1
BRDA:19,3,1,1
BRF:8
BRH:8
end_of_record
