TN:
SF:src/App.tsx
FN:5,App
FNF:1
FNH:0
FNDA:0,App
DA:6,0
LF:1
LH:0
BRF:0
BRH:0
end_of_record
TN:
SF:src/components/button/Button.tsx
FN:9,(anonymous_0)
FNF:1
FNH:0
FNDA:0,(anonymous_0)
DA:9,0
DA:14,0
LF:2
LH:0
BRDA:10,0,0,0
BRF:1
BRH:0
end_of_record
TN:
SF:src/components/controlled-form/ControlledForm.tsx
FN:20,(anonymous_0)
FN:30,(anonymous_1)
FN:46,(anonymous_2)
FN:54,(anonymous_3)
FNF:4
FNH:0
FNDA:0,(anonymous_0)
FNDA:0,(anonymous_1)
FNDA:0,(anonymous_2)
FNDA:0,(anonymous_3)
DA:20,0
DA:22,0
DA:27,0
DA:28,0
DA:30,0
DA:31,0
DA:33,0
DA:38,0
DA:40,0
DA:43,0
DA:44,0
DA:46,0
DA:47,0
DA:48,0
DA:52,0
DA:55,0
LF:16
LH:0
BRDA:40,0,0,0
BRDA:40,0,1,0
BRDA:44,1,0,0
BRDA:44,1,1,0
BRDA:47,2,0,0
BRDA:47,2,1,0
BRDA:60,3,0,0
BRDA:60,3,1,0
BRDA:60,4,0,0
BRDA:60,4,1,0
BRDA:63,5,0,0
BRDA:63,5,1,0
BRDA:66,6,0,0
BRDA:66,6,1,0
BRF:14
BRH:0
end_of_record
TN:
SF:src/components/form/Form.tsx
FN:13,(anonymous_0)
FNF:1
FNH:0
FNDA:0,(anonymous_0)
DA:13,0
DA:14,0
LF:2
LH:0
BRF:0
BRH:0
end_of_record
TN:
SF:src/components/input-form/InputForm.tsx
FN:26,(anonymous_0)
FNF:1
FNH:0
FNDA:0,(anonymous_0)
DA:25,0
DA:44,0
DA:46,0
DA:74,0
LF:4
LH:0
BRDA:31,0,0,0
BRDA:46,1,0,0
BRDA:46,1,1,0
BRDA:61,2,0,0
BRDA:61,2,1,0
BRDA:67,3,0,0
BRDA:67,3,1,0
BRF:7
BRH:0
end_of_record
TN:
SF:src/components/input-form/components/gender-input/GenderInput.tsx
FN:18,(anonymous_0)
FNF:1
FNH:0
FNDA:0,(anonymous_0)
DA:18,0
DA:28,0
LF:2
LH:0
BRDA:42,0,0,0
BRDA:42,0,1,0
BRDA:43,1,0,0
BRDA:43,1,1,0
BRDA:57,2,0,0
BRDA:57,2,1,0
BRDA:58,3,0,0
BRDA:58,3,1,0
BRDA:63,4,0,0
BRDA:63,4,1,0
BRF:10
BRH:0
end_of_record
TN:
SF:src/components/input-form/components/input/Input.tsx
FN:20,(anonymous_0)
FN:59,(anonymous_1)
FNF:2
FNH:2
FNDA:3,(anonymous_0)
FNDA:3,(anonymous_1)
DA:19,1
DA:34,3
DA:40,3
DA:60,3
DA:81,1
LF:5
LH:5
BRDA:47,0,0,2
BRDA:47,0,1,1
BRDA:49,1,0,0
BRDA:49,1,1,3
BRDA:57,2,0,3
BRDA:57,2,1,2
BRDA:57,2,2,1
BRDA:68,3,0,3
BRDA:68,3,1,3
BRDA:68,3,2,0
BRF:10
BRH:8
end_of_record
TN:
SF:src/components/input-form/components/input/components/info-bar/InfoBar.tsx
FN:13,(anonymous_0)
FNF:1
FNH:0
FNDA:0,(anonymous_0)
DA:13,1
DA:18,0
LF:2
LH:1
BRDA:21,0,0,0
BRDA:21,0,1,0
BRDA:21,0,2,0
BRDA:26,1,0,0
BRDA:26,1,1,0
BRF:5
BRH:0
end_of_record
TN:
SF:src/components/modal/Modal.tsx
FN:17,(anonymous_0)
FN:27,(anonymous_1)
FN:29,(anonymous_2)
FN:35,(anonymous_3)
FN:51,(anonymous_4)
FNF:5
FNH:0
FNDA:0,(anonymous_0)
FNDA:0,(anonymous_1)
FNDA:0,(anonymous_2)
FNDA:0,(anonymous_3)
FNDA:0,(anonymous_4)
DA:17,0
DA:24,0
DA:25,0
DA:27,0
DA:29,0
DA:30,0
DA:31,0
DA:33,0
DA:35,0
DA:36,0
DA:39,0
DA:40,0
DA:42,0
DA:44,0
DA:48,0
DA:51,0
DA:52,0
DA:56,0
DA:58,0
LF:19
LH:0
BRDA:30,0,0,0
BRDA:30,0,1,0
BRDA:39,1,0,0
BRDA:39,1,1,0
BRDA:56,2,0,0
BRDA:56,2,1,0
BRDA:69,3,0,0
BRDA:69,3,1,0
BRDA:71,4,0,0
BRDA:71,4,1,0
BRF:10
BRH:0
end_of_record
TN:
SF:src/components/react-portal/ReactPortal.tsx
FN:12,(anonymous_0)
FN:20,(anonymous_1)
FNF:2
FNH:0
FNDA:0,(anonymous_0)
FNDA:0,(anonymous_1)
DA:12,0
DA:16,0
DA:20,0
DA:21,0
DA:23,0
DA:24,0
DA:27,0
DA:30,0
DA:32,0
LF:9
LH:0
BRDA:14,0,0,0
BRDA:23,1,0,0
BRDA:23,1,1,0
BRDA:30,2,0,0
BRDA:30,2,1,0
BRF:5
BRH:0
end_of_record
TN:
SF:src/components/uncontrolled-form/UncontrolledForm.tsx
FN:16,(anonymous_0)
FN:22,(anonymous_1)
FN:40,(anonymous_2)
FN:53,(anonymous_3)
FNF:4
FNH:0
FNDA:0,(anonymous_0)
FNDA:0,(anonymous_1)
FNDA:0,(anonymous_2)
FNDA:0,(anonymous_3)
DA:16,0
DA:17,0
DA:18,0
DA:20,0
DA:22,0
DA:23,0
DA:25,0
DA:27,0
DA:28,0
DA:30,0
DA:32,0
DA:33,0
DA:35,0
DA:37,0
DA:38,0
DA:40,0
DA:41,0
DA:43,0
DA:46,0
DA:51,0
DA:54,0
LF:21
LH:0
BRDA:35,0,0,0
BRDA:35,0,1,0
BRDA:37,1,0,0
BRDA:37,1,1,0
BRF:4
BRH:0
end_of_record
TN:
SF:src/components/user-data/UserData.tsx
FN:7,(anonymous_0)
FN:12,(anonymous_1)
FN:17,(anonymous_2)
FN:18,(anonymous_3)
FN:26,(anonymous_4)
FN:33,(anonymous_5)
FNF:6
FNH:0
FNDA:0,(anonymous_0)
FNDA:0,(anonymous_1)
FNDA:0,(anonymous_2)
FNDA:0,(anonymous_3)
FNDA:0,(anonymous_4)
FNDA:0,(anonymous_5)
DA:7,0
DA:8,0
DA:9,0
DA:10,0
DA:12,0
DA:13,0
DA:14,0
DA:15,0
DA:17,0
DA:18,0
DA:21,0
DA:24,0
DA:27,0
DA:34,0
LF:14
LH:0
BRDA:13,0,0,0
BRDA:13,0,1,0
BRDA:36,1,0,0
BRDA:36,1,1,0
BRDA:36,2,0,0
BRDA:36,2,1,0
BRF:6
BRH:0
end_of_record
TN:
SF:src/components/user-list/UserList.tsx
FN:5,(anonymous_0)
FNF:1
FNH:0
FNDA:0,(anonymous_0)
DA:5,0
DA:6,0
LF:2
LH:0
BRF:0
BRH:0
end_of_record
TN:
SF:src/pages/HomePage.tsx
FN:10,(anonymous_0)
FN:15,(anonymous_1)
FN:19,(anonymous_2)
FN:23,(anonymous_3)
FN:27,(anonymous_4)
FN:31,(anonymous_5)
FNF:6
FNH:0
FNDA:0,(anonymous_0)
FNDA:0,(anonymous_1)
FNDA:0,(anonymous_2)
FNDA:0,(anonymous_3)
FNDA:0,(anonymous_4)
FNDA:0,(anonymous_5)
DA:10,0
DA:11,0
DA:12,0
DA:13,0
DA:15,0
DA:16,0
DA:19,0
DA:20,0
DA:23,0
DA:24,0
DA:27,0
DA:28,0
DA:31,0
DA:32,0
DA:33,0
DA:34,0
DA:37,0
LF:17
LH:0
BRDA:65,0,0,0
BRDA:65,0,1,0
BRF:2
BRH:0
end_of_record
TN:
SF:src/schemas/schemas.ts
FN:15,(anonymous_0)
FN:21,(anonymous_1)
FN:24,(anonymous_2)
FN:25,(anonymous_3)
FN:38,(anonymous_4)
FN:41,(anonymous_5)
FN:44,(anonymous_6)
FN:47,(anonymous_7)
FN:60,(anonymous_8)
FN:62,(anonymous_9)
FN:72,(anonymous_10)
FN:76,(anonymous_11)
FN:83,(anonymous_12)
FNF:13
FNH:13
FNDA:3,(anonymous_0)
FNDA:5,(anonymous_1)
FNDA:5,(anonymous_2)
FNDA:5,(anonymous_3)
FNDA:5,(anonymous_4)
FNDA:5,(anonymous_5)
FNDA:5,(anonymous_6)
FNDA:5,(anonymous_7)
FNDA:2,(anonymous_8)
FNDA:2,(anonymous_9)
FNDA:2,(anonymous_10)
FNDA:2,(anonymous_11)
FNDA:2,(anonymous_12)
DA:11,1
DA:15,3
DA:18,1
DA:21,5
DA:24,5
DA:25,5
DA:29,1
DA:34,1
DA:38,5
DA:41,5
DA:44,5
DA:47,5
DA:51,1
DA:56,1
DA:60,2
DA:62,2
DA:66,1
DA:70,1
DA:72,2
DA:77,2
DA:83,2
LF:21
LH:21
BRDA:77,0,0,2
BRDA:77,0,1,2
BRDA:77,0,2,1
BRDA:83,1,0,2
BRDA:83,1,1,2
BRF:5
BRH:5
end_of_record
TN:
SF:src/schemas/userSchema.ts
FN:28,(anonymous_0)
FNF:1
FNH:0
FNDA:0,(anonymous_0)
DA:16,0
DA:28,0
LF:2
LH:0
BRF:0
BRH:0
end_of_record
TN:
SF:src/sources/constants.ts
FNF:0
FNH:0
DA:1,1
DA:2,1
DA:3,1
DA:4,1
DA:10,1
LF:5
LH:5
BRF:0
BRH:0
end_of_record
TN:
SF:src/sources/enums.ts
FN:1,(anonymous_0)
FN:6,(anonymous_1)
FN:16,(anonymous_2)
FN:20,(anonymous_3)
FN:29,(anonymous_4)
FN:33,(anonymous_5)
FN:38,(anonymous_6)
FN:43,(anonymous_7)
FNF:8
FNH:8
FNDA:3,(anonymous_0)
FNDA:3,(anonymous_1)
FNDA:3,(anonymous_2)
FNDA:3,(anonymous_3)
FNDA:3,(anonymous_4)
FNDA:3,(anonymous_5)
FNDA:3,(anonymous_6)
FNDA:3,(anonymous_7)
DA:1,3
DA:2,3
DA:3,3
DA:6,3
DA:7,3
DA:8,3
DA:9,3
DA:10,3
DA:11,3
DA:12,3
DA:13,3
DA:16,3
DA:17,3
DA:20,3
DA:21,3
DA:22,3
DA:23,3
DA:24,3
DA:25,3
DA:26,3
DA:29,3
DA:30,3
DA:33,3
DA:34,3
DA:35,3
DA:38,3
DA:39,3
DA:40,3
DA:43,3
DA:44,3
DA:45,3
DA:46,3
LF:32
LH:32
BRDA:1,0,0,3
BRDA:1,0,1,3
BRDA:6,1,0,3
BRDA:6,1,1,3
BRDA:16,2,0,3
BRDA:16,2,1,3
BRDA:20,3,0,3
BRDA:20,3,1,3
BRDA:29,4,0,3
BRDA:29,4,1,3
BRDA:33,5,0,3
BRDA:33,5,1,3
BRDA:38,6,0,3
BRDA:38,6,1,3
BRDA:43,7,0,3
BRDA:43,7,1,3
BRF:16
BRH:16
end_of_record
TN:
SF:src/sources/messages.ts
FNF:0
FNH:0
DA:1,1
LF:1
LH:1
BRF:0
BRH:0
end_of_record
TN:
SF:src/store/store.ts
FNF:0
FNH:0
DA:5,0
LF:1
LH:0
BRF:0
BRH:0
end_of_record
TN:
SF:src/store/slices/country/country.slice.ts
FNF:0
FNH:0
DA:8,0
DA:63,0
DA:69,0
DA:70,0
LF:4
LH:0
BRF:0
BRH:0
end_of_record
TN:
SF:src/store/slices/country/selectors.ts
FN:3,(anonymous_0)
FNF:1
FNH:0
FNDA:0,(anonymous_0)
DA:3,0
LF:1
LH:0
BRF:0
BRH:0
end_of_record
TN:
SF:src/store/slices/user/selectors.ts
FN:3,(anonymous_0)
FNF:1
FNH:0
FNDA:0,(anonymous_0)
DA:3,0
LF:1
LH:0
BRF:0
BRH:0
end_of_record
TN:
SF:src/store/slices/user/user.slice.ts
FN:17,(anonymous_0)
FN:20,(anonymous_1)
FNF:2
FNH:0
FNDA:0,(anonymous_0)
FNDA:0,(anonymous_1)
DA:9,0
DA:13,0
DA:18,0
DA:21,0
DA:26,0
DA:27,0
LF:6
LH:0
BRF:0
BRH:0
end_of_record
TN:
SF:src/utils/createWrapperPortal.ts
FN:1,(anonymous_0)
FNF:1
FNH:0
FNDA:0,(anonymous_0)
DA:1,0
DA:2,0
DA:3,0
DA:4,0
DA:6,0
LF:5
LH:0
BRF:0
BRH:0
end_of_record
TN:
SF:src/utils/fileToBase64.ts
FN:1,(anonymous_0)
FN:2,(anonymous_1)
FN:5,(anonymous_2)
FN:10,(anonymous_3)
FNF:4
FNH:3
FNDA:1,(anonymous_0)
FNDA:1,(anonymous_1)
FNDA:1,(anonymous_2)
FNDA:0,(anonymous_3)
DA:1,1
DA:2,1
DA:3,1
DA:5,1
DA:6,1
DA:7,0
DA:10,1
DA:11,0
DA:13,1
LF:9
LH:7
BRDA:6,0,0,1
BRDA:6,0,1,0
BRDA:11,1,0,0
BRDA:11,1,1,0
BRF:4
BRH:1
end_of_record
TN:
SF:src/utils/getPasswordStrength.ts
FN:3,getPasswordStrength
FNF:1
FNH:1
FNDA:6,getPasswordStrength
DA:4,6
DA:6,6
DA:7,6
DA:8,6
DA:9,6
DA:10,6
DA:12,6
DA:13,4
DA:14,2
LF:9
LH:9
BRDA:6,0,0,4
BRDA:6,0,1,2
BRDA:7,1,0,4
BRDA:7,1,1,2
BRDA:8,2,0,5
BRDA:8,2,1,1
BRDA:9,3,0,5
BRDA:9,3,1,1
BRDA:10,4,0,2
BRDA:10,4,1,4
BRDA:12,5,0,2
BRDA:12,5,1,4
BRDA:13,6,0,2
BRDA:13,6,1,2
BRDA:13,7,0,4
BRDA:13,7,1,4
BRF:16
BRH:16
end_of_record
TN:
SF:src/utils/getUserData.ts
FN:3,(anonymous_0)
FNF:1
FNH:0
FNDA:0,(anonymous_0)
DA:3,0
DA:4,0
DA:6,0
LF:3
LH:0
BRDA:7,0,0,0
BRDA:7,0,1,0
BRDA:8,1,0,0
BRDA:8,1,1,0
BRDA:9,2,0,0
BRDA:9,2,1,0
BRDA:10,3,0,0
BRDA:10,3,1,0
BRDA:11,4,0,0
BRDA:11,4,1,0
BRDA:12,5,0,0
BRDA:12,5,1,0
BRDA:14,6,0,0
BRDA:14,6,1,0
BRDA:17,7,0,0
BRDA:17,7,1,0
BRDA:18,8,0,0
BRDA:18,8,1,0
BRF:18
BRH:0
end_of_record
TN:
SF:src/utils/hooks/useActions.ts
FN:11,(anonymous_0)
FNF:1
FNH:0
FNDA:0,(anonymous_0)
DA:6,0
DA:11,0
DA:12,0
DA:14,0
LF:4
LH:0
BRF:0
BRH:0
end_of_record
TN:
SF:src/utils/hooks/useEscapeKey.ts
FN:3,(anonymous_0)
FN:4,(anonymous_1)
FN:7,(anonymous_2)
FN:14,(anonymous_3)
FNF:4
FNH:0
FNDA:0,(anonymous_0)
FNDA:0,(anonymous_1)
FNDA:0,(anonymous_2)
FNDA:0,(anonymous_3)
DA:3,0
DA:4,0
DA:5,0
DA:7,0
DA:8,0
DA:9,0
DA:13,0
DA:14,0
LF:8
LH:0
BRDA:3,0,0,0
BRDA:5,1,0,0
BRDA:5,1,1,0
BRDA:8,2,0,0
BRDA:8,2,1,0
BRF:5
BRH:0
end_of_record
TN:
SF:src/utils/hooks/useFormRefs.ts
FN:3,useFormRefs
FNF:1
FNH:0
FNDA:0,useFormRefs
DA:4,0
DA:5,0
DA:6,0
DA:7,0
DA:8,0
DA:9,0
DA:10,0
DA:11,0
DA:12,0
DA:13,0
DA:15,0
LF:11
LH:0
BRF:0
BRH:0
end_of_record
TN:
SF:src/utils/hooks/useInputFields.ts
FN:9,(anonymous_0)
FNF:1
FNH:0
FNDA:0,(anonymous_0)
DA:9,0
DA:10,0
DA:11,0
DA:13,0
DA:96,0
LF:5
LH:0
BRF:0
BRH:0
end_of_record
TN:
SF:src/utils/hooks/useUserDataFields.ts
FN:5,(anonymous_0)
FN:10,(anonymous_1)
FNF:2
FNH:0
FNDA:0,(anonymous_0)
FNDA:0,(anonymous_1)
DA:5,0
DA:6,0
DA:8,0
DA:10,0
LF:4
LH:0
BRDA:8,0,0,0
BRDA:8,0,1,0
BRDA:8,1,0,0
BRDA:8,1,1,0
BRDA:18,2,0,0
BRDA:18,2,1,0
BRDA:19,3,0,0
BRDA:19,3,1,0
BRF:8
BRH:0
end_of_record
